  csgoExternalstuffs1.cpp
C:\Users\Alastor\source\repos\Alastowor\ebicCSGOExternal\csgoExternalstuffs1.cpp(64,29): warning C4244:  '=': conversion from 'double' to 'float', possible loss of data
C:\Users\Alastor\source\repos\Alastowor\ebicCSGOExternal\csgoExternalstuffs1.cpp(65,23): warning C4244:  '=': conversion from 'double' to 'float', possible loss of data
C:\Users\Alastor\source\repos\Alastowor\ebicCSGOExternal\csgoExternalstuffs1.cpp(85,26): warning C4305:  '=': truncation from 'double' to 'float'
C:\Users\Alastor\source\repos\Alastowor\ebicCSGOExternal\csgoExternalstuffs1.cpp(86,22): warning C4305:  '=': truncation from 'double' to 'float'
C:\Users\Alastor\source\repos\Alastowor\ebicCSGOExternal\csgoExternalstuffs1.cpp(87,22): warning C4305:  '=': truncation from 'double' to 'float'
C:\Users\Alastor\source\repos\Alastowor\ebicCSGOExternal\csgoExternalstuffs1.cpp(88,21): warning C4305:  '=': truncation from 'double' to 'float'
C:\Users\Alastor\source\repos\Alastowor\ebicCSGOExternal\csgoExternalstuffs1.cpp(89,22): warning C4305:  '=': truncation from 'double' to 'float'
C:\Users\Alastor\source\repos\Alastowor\ebicCSGOExternal\csgoExternalstuffs1.cpp(90,21): warning C4305:  '=': truncation from 'double' to 'float'
C:\Users\Alastor\source\repos\Alastowor\ebicCSGOExternal\csgoExternalstuffs1.cpp(91,21): warning C4305:  '=': truncation from 'double' to 'float'
C:\Users\Alastor\source\repos\Alastowor\ebicCSGOExternal\csgoExternalstuffs1.cpp(92,21): warning C4305:  '=': truncation from 'double' to 'float'
C:\Users\Alastor\source\repos\Alastowor\ebicCSGOExternal\csgoExternalstuffs1.cpp(93,21): warning C4305:  '=': truncation from 'double' to 'float'
C:\Users\Alastor\source\repos\Alastowor\ebicCSGOExternal\csgoExternalstuffs1.cpp(94,22): warning C4305:  '=': truncation from 'double' to 'float'
C:\Users\Alastor\source\repos\Alastowor\ebicCSGOExternal\csgoExternalstuffs1.cpp(95,22): warning C4305:  '=': truncation from 'double' to 'float'
C:\Users\Alastor\source\repos\Alastowor\ebicCSGOExternal\csgoExternalstuffs1.cpp(96,22): warning C4305:  '=': truncation from 'double' to 'float'
C:\Users\Alastor\source\repos\Alastowor\ebicCSGOExternal\csgoExternalstuffs1.cpp(97,22): warning C4305:  '=': truncation from 'double' to 'float'
C:\Users\Alastor\source\repos\Alastowor\ebicCSGOExternal\csgoExternalstuffs1.cpp(98,22): warning C4305:  '=': truncation from 'double' to 'float'
C:\Users\Alastor\source\repos\Alastowor\ebicCSGOExternal\csgoExternalstuffs1.cpp(99,22): warning C4305:  '=': truncation from 'double' to 'float'
C:\Users\Alastor\source\repos\Alastowor\ebicCSGOExternal\csgoExternalstuffs1.cpp(102,27): warning C4244:  '=': conversion from 'float' to 'int', possible loss of data
E:\Microsoft Visual Studio\VC\Tools\MSVC\14.22.27905\include\xtgmath.h(22,106): warning C4244:  'return': conversion from 'double' to 'float', possible loss of data
  Generating code
  3 of 77 functions ( 3.9%) were compiled, the rest were copied from previous compilation.
    0 functions were new in current compilation
    1 functions had inline decision re-evaluated but remain unchanged
  Finished generating code
  csgoExternalstuffs1.vcxproj -> C:\Users\Alastor\source\repos\Alastowor\ebicCSGOExternal\Release\csgoExternalstuffs1.exe
